#
# A fatal error has been detected by the Java Runtime Environment:
#
#  EXCEPTION_ACCESS_VIOLATION (0xc0000005) at pc=0x0000000072112763, pid=16340, tid=9156
#
# JRE version: Java(TM) SE Runtime Environment (10.0.1+10) (build 10.0.1+10)
# Java VM: Java HotSpot(TM) 64-Bit Server VM (10.0.1+10, mixed mode, tiered, compressed oops, g1 gc, windows-amd64)
# Problematic frame:
# V  [jvm.dll+0x162763]
#
# No core dump will be written. Minidumps are not enabled by default on client versions of Windows
#
# If you would like to submit a bug report, please visit:
#   http://bugreport.java.com/bugreport/crash.jsp
#

---------------  S U M M A R Y ------------

Command Line: -javaagent:C:\Program Files\Java\IntelliJ IDEA Community Edition 2018.1.6\lib\idea_rt.jar=54880:C:\Program Files\Java\IntelliJ IDEA Community Edition 2018.1.6\bin -Dfile.encoding=UTF-8 KevinLiu.Main

Host: AMD Ryzen 5 1500X Quad-Core Processor          , 8 cores, 7G,  Windows 10 , 64 bit Build 17134 (10.0.17134.1)
Time: Thu Nov 15 17:12:29 2018 Eastern Standard Time elapsed time: 0 seconds (0d 0h 0m 0s)

---------------  T H R E A D  ---------------

Current thread (0x000001ea71f20800):  JavaThread "C1 CompilerThread3" daemon [_thread_in_native, id=9156, stack(0x000000a6b9000000,0x000000a6b9100000)]


Current CompileTask:
C1:    149   43       3       java.util.ImmutableCollections$MapN::probe (64 bytes)

Stack: [0x000000a6b9000000,0x000000a6b9100000],  sp=0x000000a6b90fe288,  free space=1016k
Native frames: (J=compiled Java code, j=interpreted, Vv=VM code, C=native code)
V  [jvm.dll+0x162763]
V  [jvm.dll+0x15e2b2]
V  [jvm.dll+0x15d6e7]
V  [jvm.dll+0x1679da]
V  [jvm.dll+0x15e995]
V  [jvm.dll+0x1620d2]
V  [jvm.dll+0x11b27c]
V  [jvm.dll+0x11ad79]
V  [jvm.dll+0x11aee3]
V  [jvm.dll+0x11a213]
V  [jvm.dll+0x11bdb7]
V  [jvm.dll+0x20c81d]
V  [jvm.dll+0x20b5e6]
V  [jvm.dll+0x68bb6f]
V  [jvm.dll+0x59f680]
C  [msvcr120.dll+0x24f7f]
C  [msvcr120.dll+0x25126]
C  [KERNEL32.DLL+0x13034]
C  [ntdll.dll+0x71471]


siginfo: EXCEPTION_ACCESS_VIOLATION (0xc0000005), reading address 0xffffffffffffffff


Register to memory mapping:

RIP=0x0000000072112763 jvm.dll
RAX=0x000000000000000b is an unknown value
RBX=
[error occurred during error reporting (printing register info), id 0xc0000005]

Registers:
RAX=0x000000000000000b, RBX=0x00000000ffffffff, RCX=0x0000000000000028, RDX=0x000000000000002c
RSP=0x000000a6b90fe288, RBP=0x000001ea71ef3270, RSI=0x0000000000000004, RDI=0x0000000000000000
R8 =0x0000000000000000, R9 =0xffffffffffffffff, R10=0x000000000000000b, R11=0x000000a6b90fe950
R12=0x000000000000013a, R13=0x0000000000000026, R14=0x000000000000000a, R15=0x0000000000000026
RIP=0x0000000072112763, EFLAGS=0x0000000000010202

Top of Stack: (sp=0x000000a6b90fe288)
0x000000a6b90fe288:   0000000000000002 000001ea71f08c20
0x000000a6b90fe298:   00000000ffffffff 0000000000000000
0x000000a6b90fe2a8:   000000007210e2b2 000001ea71ef3270
0x000000a6b90fe2b8:   0000000000000026 000000a6b90fe950
0x000000a6b90fe2c8:   00000000ffffffff 00000000ffffffff
0x000000a6b90fe2d8:   000000a6b90fe310 000000a6b90fe950
0x000000a6b90fe2e8:   000000007fffffff 000000a6b90fe950
0x000000a6b90fe2f8:   000000a6b90fe901 000001ea71f08c20
0x000000a6b90fe308:   000000007210d6e7 000001ea71f08c00
0x000000a6b90fe318:   000001ea71ef3270 000001ea71ef6401
0x000000a6b90fe328:   0000000000000002 000000a6b90fe990
0x000000a6b90fe338:   00000000721179da 0000000000000025
0x000000a6b90fe348:   000000a6b90fe998 000000000092941b
0x000000a6b90fe358:   0000000000000000 000000a600000003
0x000000a6b90fe368:   000000007210d383 000001ea71fc5ac0
0x000000a6b90fe378:   000001ea71ef6400 000001ea71ef3270 

Instructions: (pc=0x0000000072112763)
0x0000000072112743:   68 7e 0a 4c 3b c6 74 05 8b f8 4d 8b c2 ff c0 49
0x0000000072112753:   ff c2 48 83 c2 04 41 3b c6 7e a6 4c 8b 7c 24 30
0x0000000072112763:   48 8b 6c 24 28 83 fb ff 74 14 8b c3 48 8b 5c 24
0x0000000072112773:   38 48 8b 74 24 40 41 5e 41 5d 41 5c 5f c3 83 ff 



---------------  P R O C E S S  ---------------

Threads class SMR info:
_java_thread_list=0x000001ea72047fe0, length=11, elements={
0x000001ea4d914800, 0x000001ea715a3800, 0x000001ea71596800, 0x000001ea7159d800,
0x000001ea71ee3800, 0x000001ea71ee6000, 0x000001ea71eef000, 0x000001ea71ef7000,
0x000001ea71f20800, 0x000001ea71f31800, 0x000001ea72212800
}

Java Threads: ( => current thread )
  0x000001ea4d914800 JavaThread "main" [_thread_in_Java, id=15116, stack(0x000000a6b7300000,0x000000a6b7400000)]
  0x000001ea715a3800 JavaThread "Reference Handler" daemon [_thread_blocked, id=13584, stack(0x000000a6b8900000,0x000000a6b8a00000)]
  0x000001ea71596800 JavaThread "Finalizer" daemon [_thread_blocked, id=15592, stack(0x000000a6b8a00000,0x000000a6b8b00000)]
  0x000001ea7159d800 JavaThread "Signal Dispatcher" daemon [_thread_blocked, id=7332, stack(0x000000a6b8b00000,0x000000a6b8c00000)]
  0x000001ea71ee3800 JavaThread "Attach Listener" daemon [_thread_blocked, id=15524, stack(0x000000a6b8c00000,0x000000a6b8d00000)]
  0x000001ea71ee6000 JavaThread "C2 CompilerThread0" daemon [_thread_blocked, id=7948, stack(0x000000a6b8d00000,0x000000a6b8e00000)]
  0x000001ea71eef000 JavaThread "C2 CompilerThread1" daemon [_thread_blocked, id=12388, stack(0x000000a6b8e00000,0x000000a6b8f00000)]
  0x000001ea71ef7000 JavaThread "C2 CompilerThread2" daemon [_thread_blocked, id=1420, stack(0x000000a6b8f00000,0x000000a6b9000000)]
=>0x000001ea71f20800 JavaThread "C1 CompilerThread3" daemon [_thread_in_native, id=9156, stack(0x000000a6b9000000,0x000000a6b9100000)]
  0x000001ea71f31800 JavaThread "Sweeper thread" daemon [_thread_blocked, id=14984, stack(0x000000a6b9100000,0x000000a6b9200000)]
  0x000001ea72212800 JavaThread "Common-Cleaner" daemon [_thread_blocked, id=15688, stack(0x000000a6b9200000,0x000000a6b9300000)]

Other Threads:
  0x000001ea71586000 VMThread "VM Thread" [stack: 0x000000a6b8800000,0x000000a6b8900000] [id=3196]
  0x000001ea4d930800 GCTaskThread "GC Thread#0" [stack: 0x000000a6b7400000,0x000000a6b7500000] [id=15880]
  0x000001ea4d933000 GCTaskThread "GC Thread#1" [stack: 0x000000a6b7500000,0x000000a6b7600000] [id=15860]
  0x000001ea4d934000 GCTaskThread "GC Thread#2" [stack: 0x000000a6b7600000,0x000000a6b7700000] [id=15836]
  0x000001ea4d936000 GCTaskThread "GC Thread#3" [stack: 0x000000a6b7700000,0x000000a6b7800000] [id=15804]
  0x000001ea4d93e000 GCTaskThread "GC Thread#4" [stack: 0x000000a6b7800000,0x000000a6b7900000] [id=15820]
  0x000001ea4d941800 GCTaskThread "GC Thread#5" [stack: 0x000000a6b7900000,0x000000a6b7a00000] [id=15852]
  0x000001ea4d943800 GCTaskThread "GC Thread#6" [stack: 0x000000a6b7a00000,0x000000a6b7b00000] [id=15876]
  0x000001ea4d94c000 GCTaskThread "GC Thread#7" [stack: 0x000000a6b7b00000,0x000000a6b7c00000] [id=15872]
  0x000001ea4d8ce000 ConcurrentGCThread "G1 Main Marker" [stack: 0x000000a6b7c00000,0x000000a6b7d00000] [id=15528]
  0x000001ea4d945800 ConcurrentGCThread "G1 Conc#0" [stack: 0x000000a6b7d00000,0x000000a6b7e00000] [id=6504]
  0x000001ea4d948800 ConcurrentGCThread "G1 Conc#1" [stack: 0x000000a6b7e00000,0x000000a6b7f00000] [id=6980]
  0x000001ea71400800 ConcurrentGCThread "G1 Refine#0" [stack: 0x000000a6b7f00000,0x000000a6b8000000] [id=9472]
  0x000001ea71401000 ConcurrentGCThread "G1 Refine#1" [stack: 0x000000a6b8000000,0x000000a6b8100000] [id=2036]
  0x000001ea71405800 ConcurrentGCThread "G1 Refine#2" [stack: 0x000000a6b8100000,0x000000a6b8200000] [id=10136]
  0x000001ea71408800 ConcurrentGCThread "G1 Refine#3" [stack: 0x000000a6b8200000,0x000000a6b8300000] [id=14724]
  0x000001ea7140a000 ConcurrentGCThread "G1 Refine#4" [stack: 0x000000a6b8300000,0x000000a6b8400000] [id=14580]
  0x000001ea7140b000 ConcurrentGCThread "G1 Refine#5" [stack: 0x000000a6b8400000,0x000000a6b8500000] [id=14452]
  0x000001ea7140c800 ConcurrentGCThread "G1 Refine#6" [stack: 0x000000a6b8500000,0x000000a6b8600000] [id=4876]
  0x000001ea7140d000 ConcurrentGCThread "G1 Refine#7" [stack: 0x000000a6b8600000,0x000000a6b8700000] [id=14796]
  0x000001ea71410000 ConcurrentGCThread "G1 Young RemSet Sampling" [stack: 0x000000a6b8700000,0x000000a6b8800000] [id=4032]

Threads with active compile tasks:
C1 CompilerThread3  43       3       java.util.ImmutableCollections$MapN::probe (64 bytes)

VM state:not at safepoint (normal execution)

VM Mutex/Monitor currently owned by a thread: None

Heap address: 0x0000000080a00000, size: 2038 MB, Compressed Oops mode: 32-bit
Narrow klass base: 0x0000000000000000, Narrow klass shift: 3
Compressed class space size: 1073741824 Address: 0x0000000100000000

Heap:
 garbage-first heap   total 131072K, used 1024K [0x0000000080a00000, 0x0000000100000000)
  region size 1024K, 2 young (2048K), 0 survivors (0K)
 Metaspace       used 4488K, capacity 4496K, committed 4736K, reserved 1056768K
  class space    used 376K, capacity 384K, committed 384K, reserved 1048576K
Heap Regions: E=young(eden), S=young(survivor), O=old, HS=humongous(starts), HC=humongous(continues), CS=collection set, F=free, A=archive, TS=gc time stamp, AC=allocation context, TAMS=top-at-mark-start (previous, next)
|   0|0x0000000080a00000, 0x0000000080a00000, 0x0000000080b00000|  0%| F|  |TS  0|AC  0|TAMS 0x0000000080a00000, 0x0000000080a00000|
|   1|0x0000000080b00000, 0x0000000080b00000, 0x0000000080c00000|  0%| F|  |TS  0|AC  0|TAMS 0x0000000080b00000, 0x0000000080b00000|
|   2|0x0000000080c00000, 0x0000000080c00000, 0x0000000080d00000|  0%| F|  |TS  0|AC  0|TAMS 0x0000000080c00000, 0x0000000080c00000|
|   3|0x0000000080d00000, 0x0000000080d00000, 0x0000000080e00000|  0%| F|  |TS  0|AC  0|TAMS 0x0000000080d00000, 0x0000000080d00000|
|   4|0x0000000080e00000, 0x0000000080e00000, 0x0000000080f00000|  0%| F|  |TS  0|AC  0|TAMS 0x0000000080e00000, 0x0000000080e00000|
|   5|0x0000000080f00000, 0x0000000080f00000, 0x0000000081000000|  0%| F|  |TS  0|AC  0|TAMS 0x0000000080f00000, 0x0000000080f00000|
|   6|0x0000000081000000, 0x0000000081000000, 0x0000000081100000|  0%| F|  |TS  0|AC  0|TAMS 0x0000000081000000, 0x0000000081000000|
|   7|0x0000000081100000, 0x0000000081100000, 0x0000000081200000|  0%| F|  |TS  0|AC  0|TAMS 0x0000000081100000, 0x0000000081100000|
|   8|0x0000000081200000, 0x0000000081200000, 0x0000000081300000|  0%| F|  |TS  0|AC  0|TAMS 0x0000000081200000, 0x0000000081200000|
|   9|0x0000000081300000, 0x0000000081300000, 0x0000000081400000|  0%| F|  |TS  0|AC  0|TAMS 0x0000000081300000, 0x0000000081300000|
|  10|0x0000000081400000, 0x0000000081400000, 0x0000000081500000|  0%| F|  |TS  0|AC  0|TAMS 0x0000000081400000, 0x0000000081400000|
|  11|0x0000000081500000, 0x0000000081500000, 0x0000000081600000|  0%| F|  |TS  0|AC  0|TAMS 0x0000000081500000, 0x0000000081500000|
|  12|0x0000000081600000, 0x0000000081600000, 0x0000000081700000|  0%| F|  |TS  0|AC  0|TAMS 0x0000000081600000, 0x0000000081600000|
|  13|0x0000000081700000, 0x0000000081700000, 0x0000000081800000|  0%| F|  |TS  0|AC  0|TAMS 0x0000000081700000, 0x0000000081700000|
|  14|0x0000000081800000, 0x0000000081800000, 0x0000000081900000|  0%| F|  |TS  0|AC  0|TAMS 0x0000000081800000, 0x0000000081800000|
|  15|0x0000000081900000, 0x0000000081900000, 0x0000000081a00000|  0%| F|  |TS  0|AC  0|TAMS 0x0000000081900000, 0x0000000081900000|
|  16|0x0000000081a00000, 0x0000000081a00000, 0x0000000081b00000|  0%| F|  |TS  0|AC  0|TAMS 0x0000000081a00000, 0x0000000081a00000|
|  17|0x0000000081b00000, 0x0000000081b00000, 0x0000000081c00000|  0%| F|  |TS  0|AC  0|TAMS 0x0000000081b00000, 0x0000000081b00000|
|  18|0x0000000081c00000, 0x0000000081c00000, 0x0000000081d00000|  0%| F|  |TS  0|AC  0|TAMS 0x0000000081c00000, 0x0000000081c00000|
|  19|0x0000000081d00000, 0x0000000081d00000, 0x0000000081e00000|  0%| F|  |TS  0|AC  0|TAMS 0x0000000081d00000, 0x0000000081d00000|
|  20|0x0000000081e00000, 0x0000000081e00000, 0x0000000081f00000|  0%| F|  |TS  0|AC  0|TAMS 0x0000000081e00000, 0x0000000081e00000|
|  21|0x0000000081f00000, 0x0000000081f00000, 0x0000000082000000|  0%| F|  |TS  0|AC  0|TAMS 0x0000000081f00000, 0x0000000081f00000|
|  22|0x0000000082000000, 0x0000000082000000, 0x0000000082100000|  0%| F|  |TS  0|AC  0|TAMS 0x0000000082000000, 0x0000000082000000|
|  23|0x0000000082100000, 0x0000000082100000, 0x0000000082200000|  0%| F|  |TS  0|AC  0|TAMS 0x0000000082100000, 0x0000000082100000|
|  24|0x0000000082200000, 0x0000000082200000, 0x0000000082300000|  0%| F|  |TS  0|AC  0|TAMS 0x0000000082200000, 0x0000000082200000|
|  25|0x0000000082300000, 0x0000000082300000, 0x0000000082400000|  0%| F|  |TS  0|AC  0|TAMS 0x0000000082300000, 0x0000000082300000|
|  26|0x0000000082400000, 0x0000000082400000, 0x0000000082500000|  0%| F|  |TS  0|AC  0|TAMS 0x0000000082400000, 0x0000000082400000|
|  27|0x0000000082500000, 0x0000000082500000, 0x0000000082600000|  0%| F|  |TS  0|AC  0|TAMS 0x0000000082500000, 0x0000000082500000|
|  28|0x0000000082600000, 0x0000000082600000, 0x0000000082700000|  0%| F|  |TS  0|AC  0|TAMS 0x0000000082600000, 0x0000000082600000|
|  29|0x0000000082700000, 0x0000000082700000, 0x0000000082800000|  0%| F|  |TS  0|AC  0|TAMS 0x0000000082700000, 0x0000000082700000|
|  30|0x0000000082800000, 0x0000000082800000, 0x0000000082900000|  0%| F|  |TS  0|AC  0|TAMS 0x0000000082800000, 0x0000000082800000|
|  31|0x0000000082900000, 0x0000000082900000, 0x0000000082a00000|  0%| F|  |TS  0|AC  0|TAMS 0x0000000082900000, 0x0000000082900000|
|  32|0x0000000082a00000, 0x0000000082a00000, 0x0000000082b00000|  0%| F|  |TS  0|AC  0|TAMS 0x0000000082a00000, 0x0000000082a00000|
|  33|0x0000000082b00000, 0x0000000082b00000, 0x0000000082c00000|  0%| F|  |TS  0|AC  0|TAMS 0x0000000082b00000, 0x0000000082b00000|
|  34|0x0000000082c00000, 0x0000000082c00000, 0x0000000082d00000|  0%| F|  |TS  0|AC  0|TAMS 0x0000000082c00000, 0x0000000082c00000|
|  35|0x0000000082d00000, 0x0000000082d00000, 0x0000000082e00000|  0%| F|  |TS  0|AC  0|TAMS 0x0000000082d00000, 0x0000000082d00000|
|  36|0x0000000082e00000, 0x0000000082e00000, 0x0000000082f00000|  0%| F|  |TS  0|AC  0|TAMS 0x0000000082e00000, 0x0000000082e00000|
|  37|0x0000000082f00000, 0x0000000082f00000, 0x0000000083000000|  0%| F|  |TS  0|AC  0|TAMS 0x0000000082f00000, 0x0000000082f00000|
|  38|0x0000000083000000, 0x0000000083000000, 0x0000000083100000|  0%| F|  |TS  0|AC  0|TAMS 0x0000000083000000, 0x0000000083000000|
|  39|0x0000000083100000, 0x0000000083100000, 0x0000000083200000|  0%| F|  |TS  0|AC  0|TAMS 0x0000000083100000, 0x0000000083100000|
|  40|0x0000000083200000, 0x0000000083200000, 0x0000000083300000|  0%| F|  |TS  0|AC  0|TAMS 0x0000000083200000, 0x0000000083200000|
|  41|0x0000000083300000, 0x0000000083300000, 0x0000000083400000|  0%| F|  |TS  0|AC  0|TAMS 0x0000000083300000, 0x0000000083300000|
|  42|0x0000000083400000, 0x0000000083400000, 0x0000000083500000|  0%| F|  |TS  0|AC  0|TAMS 0x0000000083400000, 0x0000000083400000|
|  43|0x0000000083500000, 0x0000000083500000, 0x0000000083600000|  0%| F|  |TS  0|AC  0|TAMS 0x0000000083500000, 0x0000000083500000|
|  44|0x0000000083600000, 0x0000000083600000, 0x0000000083700000|  0%| F|  |TS  0|AC  0|TAMS 0x0000000083600000, 0x0000000083600000|
|  45|0x0000000083700000, 0x0000000083700000, 0x0000000083800000|  0%| F|  |TS  0|AC  0|TAMS 0x0000000083700000, 0x0000000083700000|
|  46|0x0000000083800000, 0x0000000083800000, 0x0000000083900000|  0%| F|  |TS  0|AC  0|TAMS 0x0000000083800000, 0x0000000083800000|
|  47|0x0000000083900000, 0x0000000083900000, 0x0000000083a00000|  0%| F|  |TS  0|AC  0|TAMS 0x0000000083900000, 0x0000000083900000|
|  48|0x0000000083a00000, 0x0000000083a00000, 0x0000000083b00000|  0%| F|  |TS  0|AC  0|TAMS 0x0000000083a00000, 0x0000000083a00000|
|  49|0x0000000083b00000, 0x0000000083b00000, 0x0000000083c00000|  0%| F|  |TS  0|AC  0|TAMS 0x0000000083b00000, 0x0000000083b00000|
|  50|0x0000000083c00000, 0x0000000083c00000, 0x0000000083d00000|  0%| F|  |TS  0|AC  0|TAMS 0x0000000083c00000, 0x0000000083c00000|
|  51|0x0000000083d00000, 0x0000000083d00000, 0x0000000083e00000|  0%| F|  |TS  0|AC  0|TAMS 0x0000000083d00000, 0x0000000083d00000|
|  52|0x0000000083e00000, 0x0000000083e00000, 0x0000000083f00000|  0%| F|  |TS  0|AC  0|TAMS 0x0000000083e00000, 0x0000000083e00000|
|  53|0x0000000083f00000, 0x0000000083f00000, 0x0000000084000000|  0%| F|  |TS  0|AC  0|TAMS 0x0000000083f00000, 0x0000000083f00000|
|  54|0x0000000084000000, 0x0000000084000000, 0x0000000084100000|  0%| F|  |TS  0|AC  0|TAMS 0x0000000084000000, 0x0000000084000000|
|  55|0x0000000084100000, 0x0000000084100000, 0x0000000084200000|  0%| F|  |TS  0|AC  0|TAMS 0x0000000084100000, 0x0000000084100000|
|  56|0x0000000084200000, 0x0000000084200000, 0x0000000084300000|  0%| F|  |TS  0|AC  0|TAMS 0x0000000084200000, 0x0000000084200000|
|  57|0x0000000084300000, 0x0000000084300000, 0x0000000084400000|  0%| F|  |TS  0|AC  0|TAMS 0x0000000084300000, 0x0000000084300000|
|  58|0x0000000084400000, 0x0000000084400000, 0x0000000084500000|  0%| F|  |TS  0|AC  0|TAMS 0x0000000084400000, 0x0000000084400000|
|  59|0x0000000084500000, 0x0000000084500000, 0x0000000084600000|  0%| F|  |TS  0|AC  0|TAMS 0x0000000084500000, 0x0000000084500000|
|  60|0x0000000084600000, 0x0000000084600000, 0x0000000084700000|  0%| F|  |TS  0|AC  0|TAMS 0x0000000084600000, 0x0000000084600000|
|  61|0x0000000084700000, 0x0000000084700000, 0x0000000084800000|  0%| F|  |TS  0|AC  0|TAMS 0x0000000084700000, 0x0000000084700000|
|  62|0x0000000084800000, 0x0000000084800000, 0x0000000084900000|  0%| F|  |TS  0|AC  0|TAMS 0x0000000084800000, 0x0000000084800000|
|  63|0x0000000084900000, 0x0000000084900000, 0x0000000084a00000|  0%| F|  |TS  0|AC  0|TAMS 0x0000000084900000, 0x0000000084900000|
|  64|0x0000000084a00000, 0x0000000084a00000, 0x0000000084b00000|  0%| F|  |TS  0|AC  0|TAMS 0x0000000084a00000, 0x0000000084a00000|
|  65|0x0000000084b00000, 0x0000000084b00000, 0x0000000084c00000|  0%| F|  |TS  0|AC  0|TAMS 0x0000000084b00000, 0x0000000084b00000|
|  66|0x0000000084c00000, 0x0000000084c00000, 0x0000000084d00000|  0%| F|  |TS  0|AC  0|TAMS 0x0000000084c00000, 0x0000000084c00000|
|  67|0x0000000084d00000, 0x0000000084d00000, 0x0000000084e00000|  0%| F|  |TS  0|AC  0|TAMS 0x0000000084d00000, 0x0000000084d00000|
|  68|0x0000000084e00000, 0x0000000084e00000, 0x0000000084f00000|  0%| F|  |TS  0|AC  0|TAMS 0x0000000084e00000, 0x0000000084e00000|
|  69|0x0000000084f00000, 0x0000000084f00000, 0x0000000085000000|  0%| F|  |TS  0|AC  0|TAMS 0x0000000084f00000, 0x0000000084f00000|
|  70|0x0000000085000000, 0x0000000085000000, 0x0000000085100000|  0%| F|  |TS  0|AC  0|TAMS 0x0000000085000000, 0x0000000085000000|
|  71|0x0000000085100000, 0x0000000085100000, 0x0000000085200000|  0%| F|  |TS  0|AC  0|TAMS 0x0000000085100000, 0x0000000085100000|
|  72|0x0000000085200000, 0x0000000085200000, 0x0000000085300000|  0%| F|  |TS  0|AC  0|TAMS 0x0000000085200000, 0x0000000085200000|
|  73|0x0000000085300000, 0x0000000085300000, 0x0000000085400000|  0%| F|  |TS  0|AC  0|TAMS 0x0000000085300000, 0x0000000085300000|
|  74|0x0000000085400000, 0x0000000085400000, 0x0000000085500000|  0%| F|  |TS  0|AC  0|TAMS 0x0000000085400000, 0x0000000085400000|
|  75|0x0000000085500000, 0x0000000085500000, 0x0000000085600000|  0%| F|  |TS  0|AC  0|TAMS 0x0000000085500000, 0x0000000085500000|
|  76|0x0000000085600000, 0x0000000085600000, 0x0000000085700000|  0%| F|  |TS  0|AC  0|TAMS 0x0000000085600000, 0x0000000085600000|
|  77|0x0000000085700000, 0x0000000085700000, 0x0000000085800000|  0%| F|  |TS  0|AC  0|TAMS 0x0000000085700000, 0x0000000085700000|
|  78|0x0000000085800000, 0x0000000085800000, 0x0000000085900000|  0%| F|  |TS  0|AC  0|TAMS 0x0000000085800000, 0x0000000085800000|
|  79|0x0000000085900000, 0x0000000085900000, 0x0000000085a00000|  0%| F|  |TS  0|AC  0|TAMS 0x0000000085900000, 0x0000000085900000|
|  80|0x0000000085a00000, 0x0000000085a00000, 0x0000000085b00000|  0%| F|  |TS  0|AC  0|TAMS 0x0000000085a00000, 0x0000000085a00000|
|  81|0x0000000085b00000, 0x0000000085b00000, 0x0000000085c00000|  0%| F|  |TS  0|AC  0|TAMS 0x0000000085b00000, 0x0000000085b00000|
|  82|0x0000000085c00000, 0x0000000085c00000, 0x0000000085d00000|  0%| F|  |TS  0|AC  0|TAMS 0x0000000085c00000, 0x0000000085c00000|
|  83|0x0000000085d00000, 0x0000000085d00000, 0x0000000085e00000|  0%| F|  |TS  0|AC  0|TAMS 0x0000000085d00000, 0x0000000085d00000|
|  84|0x0000000085e00000, 0x0000000085e00000, 0x0000000085f00000|  0%| F|  |TS  0|AC  0|TAMS 0x0000000085e00000, 0x0000000085e00000|
|  85|0x0000000085f00000, 0x0000000085f00000, 0x0000000086000000|  0%| F|  |TS  0|AC  0|TAMS 0x0000000085f00000, 0x0000000085f00000|
|  86|0x0000000086000000, 0x0000000086000000, 0x0000000086100000|  0%| F|  |TS  0|AC  0|TAMS 0x0000000086000000, 0x0000000086000000|
|  87|0x0000000086100000, 0x0000000086100000, 0x0000000086200000|  0%| F|  |TS  0|AC  0|TAMS 0x0000000086100000, 0x0000000086100000|
|  88|0x0000000086200000, 0x0000000086200000, 0x0000000086300000|  0%| F|  |TS  0|AC  0|TAMS 0x0000000086200000, 0x0000000086200000|
|  89|0x0000000086300000, 0x0000000086300000, 0x0000000086400000|  0%| F|  |TS  0|AC  0|TAMS 0x0000000086300000, 0x0000000086300000|
|  90|0x0000000086400000, 0x0000000086400000, 0x0000000086500000|  0%| F|  |TS  0|AC  0|TAMS 0x0000000086400000, 0x0000000086400000|
|  91|0x0000000086500000, 0x0000000086500000, 0x0000000086600000|  0%| F|  |TS  0|AC  0|TAMS 0x0000000086500000, 0x0000000086500000|
|  92|0x0000000086600000, 0x0000000086600000, 0x0000000086700000|  0%| F|  |TS  0|AC  0|TAMS 0x0000000086600000, 0x0000000086600000|
|  93|0x0000000086700000, 0x0000000086700000, 0x0000000086800000|  0%| F|  |TS  0|AC  0|TAMS 0x0000000086700000, 0x0000000086700000|
|  94|0x0000000086800000, 0x0000000086800000, 0x0000000086900000|  0%| F|  |TS  0|AC  0|TAMS 0x0000000086800000, 0x0000000086800000|
|  95|0x0000000086900000, 0x0000000086900000, 0x0000000086a00000|  0%| F|  |TS  0|AC  0|TAMS 0x0000000086900000, 0x0000000086900000|
|  96|0x0000000086a00000, 0x0000000086a00000, 0x0000000086b00000|  0%| F|  |TS  0|AC  0|TAMS 0x0000000086a00000, 0x0000000086a00000|
|  97|0x0000000086b00000, 0x0000000086b00000, 0x0000000086c00000|  0%| F|  |TS  0|AC  0|TAMS 0x0000000086b00000, 0x0000000086b00000|
|  98|0x0000000086c00000, 0x0000000086c00000, 0x0000000086d00000|  0%| F|  |TS  0|AC  0|TAMS 0x0000000086c00000, 0x0000000086c00000|
|  99|0x0000000086d00000, 0x0000000086d00000, 0x0000000086e00000|  0%| F|  |TS  0|AC  0|TAMS 0x0000000086d00000, 0x0000000086d00000|
| 100|0x0000000086e00000, 0x0000000086e00000, 0x0000000086f00000|  0%| F|  |TS  0|AC  0|TAMS 0x0000000086e00000, 0x0000000086e00000|
| 101|0x0000000086f00000, 0x0000000086f00000, 0x0000000087000000|  0%| F|  |TS  0|AC  0|TAMS 0x0000000086f00000, 0x0000000086f00000|
| 102|0x0000000087000000, 0x0000000087000000, 0x0000000087100000|  0%| F|  |TS  0|AC  0|TAMS 0x0000000087000000, 0x0000000087000000|
| 103|0x0000000087100000, 0x0000000087100000, 0x0000000087200000|  0%| F|  |TS  0|AC  0|TAMS 0x0000000087100000, 0x0000000087100000|
| 104|0x0000000087200000, 0x0000000087200000, 0x0000000087300000|  0%| F|  |TS  0|AC  0|TAMS 0x0000000087200000, 0x0000000087200000|
| 105|0x0000000087300000, 0x0000000087300000, 0x0000000087400000|  0%| F|  |TS  0|AC  0|TAMS 0x0000000087300000, 0x0000000087300000|
| 106|0x0000000087400000, 0x0000000087400000, 0x0000000087500000|  0%| F|  |TS  0|AC  0|TAMS 0x0000000087400000, 0x0000000087400000|
| 107|0x0000000087500000, 0x0000000087500000, 0x0000000087600000|  0%| F|  |TS  0|AC  0|TAMS 0x0000000087500000, 0x0000000087500000|
| 108|0x0000000087600000, 0x0000000087600000, 0x0000000087700000|  0%| F|  |TS  0|AC  0|TAMS 0x0000000087600000, 0x0000000087600000|
| 109|0x0000000087700000, 0x0000000087700000, 0x0000000087800000|  0%| F|  |TS  0|AC  0|TAMS 0x0000000087700000, 0x0000000087700000|
| 110|0x0000000087800000, 0x0000000087800000, 0x0000000087900000|  0%| F|  |TS  0|AC  0|TAMS 0x0000000087800000, 0x0000000087800000|
| 111|0x0000000087900000, 0x0000000087900000, 0x0000000087a00000|  0%| F|  |TS  0|AC  0|TAMS 0x0000000087900000, 0x0000000087900000|
| 112|0x0000000087a00000, 0x0000000087a00000, 0x0000000087b00000|  0%| F|  |TS  0|AC  0|TAMS 0x0000000087a00000, 0x0000000087a00000|
| 113|0x0000000087b00000, 0x0000000087b00000, 0x0000000087c00000|  0%| F|  |TS  0|AC  0|TAMS 0x0000000087b00000, 0x0000000087b00000|
| 114|0x0000000087c00000, 0x0000000087c00000, 0x0000000087d00000|  0%| F|  |TS  0|AC  0|TAMS 0x0000000087c00000, 0x0000000087c00000|
| 115|0x0000000087d00000, 0x0000000087d00000, 0x0000000087e00000|  0%| F|  |TS  0|AC  0|TAMS 0x0000000087d00000, 0x0000000087d00000|
| 116|0x0000000087e00000, 0x0000000087e00000, 0x0000000087f00000|  0%| F|  |TS  0|AC  0|TAMS 0x0000000087e00000, 0x0000000087e00000|
| 117|0x0000000087f00000, 0x0000000087f00000, 0x0000000088000000|  0%| F|  |TS  0|AC  0|TAMS 0x0000000087f00000, 0x0000000087f00000|
| 118|0x0000000088000000, 0x0000000088000000, 0x0000000088100000|  0%| F|  |TS  0|AC  0|TAMS 0x0000000088000000, 0x0000000088000000|
| 119|0x0000000088100000, 0x0000000088100000, 0x0000000088200000|  0%| F|  |TS  0|AC  0|TAMS 0x0000000088100000, 0x0000000088100000|
| 120|0x0000000088200000, 0x0000000088200000, 0x0000000088300000|  0%| F|  |TS  0|AC  0|TAMS 0x0000000088200000, 0x0000000088200000|
| 121|0x0000000088300000, 0x0000000088300000, 0x0000000088400000|  0%| F|  |TS  0|AC  0|TAMS 0x0000000088300000, 0x0000000088300000|
| 122|0x0000000088400000, 0x0000000088400000, 0x0000000088500000|  0%| F|  |TS  0|AC  0|TAMS 0x0000000088400000, 0x0000000088400000|
| 123|0x0000000088500000, 0x0000000088500000, 0x0000000088600000|  0%| F|  |TS  0|AC  0|TAMS 0x0000000088500000, 0x0000000088500000|
| 124|0x0000000088600000, 0x0000000088600000, 0x0000000088700000|  0%| F|  |TS  0|AC  0|TAMS 0x0000000088600000, 0x0000000088600000|
| 125|0x0000000088700000, 0x000000008877cd60, 0x0000000088800000| 48%| E|  |TS  0|AC  0|TAMS 0x0000000088700000, 0x0000000088700000|
| 126|0x0000000088800000, 0x0000000088900000, 0x0000000088900000|100%| E|CS|TS  0|AC  0|TAMS 0x0000000088800000, 0x0000000088800000|
| 127|0x0000000088900000, 0x0000000088a00000, 0x0000000088a00000|100%| E|CS|TS  0|AC  0|TAMS 0x0000000088900000, 0x0000000088900000|

Card table byte_map: [0x000001ea6a2f0000,0x000001ea6a6f0000] byte_map_base: 0x000001ea69eeb000

Marking Bits (Prev, Next): (CMBitMap*) 0x000001ea4d8cd140, (CMBitMap*) 0x000001ea4d8cd178
 Prev Bits: [0x000001ea6aaf0000, 0x000001ea6cac8000)
 Next Bits: [0x000001ea6cad0000, 0x000001ea6eaa8000)

Polling page: 0x000001ea4d8d0000

CodeHeap 'non-profiled nmethods': size=120000Kb used=19Kb max_used=19Kb free=119980Kb
 bounds [0x000001ea61f60000, 0x000001ea621d0000, 0x000001ea69490000]
CodeHeap 'profiled nmethods': size=120000Kb used=53Kb max_used=53Kb free=119946Kb
 bounds [0x000001ea5aa30000, 0x000001ea5aca0000, 0x000001ea61f60000]
CodeHeap 'non-nmethods': size=5760Kb used=1021Kb max_used=1021Kb free=4738Kb
 bounds [0x000001ea5a490000, 0x000001ea5a700000, 0x000001ea5aa30000]
 total_blobs=414 nmethods=52 adapters=203
 compilation: enabled

Compilation events (10 events):
Event: 0.104 Thread 0x000001ea71ef7000   71       4       java.util.ImmutableCollections$SetN$1::hasNext (47 bytes)
Event: 0.105 Thread 0x000001ea71eef000   75       4       java.util.HashMap::hash (20 bytes)
Event: 0.106 Thread 0x000001ea71ef7000 nmethod 71 0x000001ea61f62290 code [0x000001ea61f62420, 0x000001ea61f624f8]
Event: 0.106 Thread 0x000001ea71eef000 nmethod 75 0x000001ea61f62610 code [0x000001ea61f627a0, 0x000001ea61f62858]
Event: 0.107 Thread 0x000001ea71ee6000   77       4       java.util.ImmutableCollections$SetN$1::next (35 bytes)
Event: 0.110 Thread 0x000001ea71ee6000 nmethod 77 0x000001ea61f62910 code [0x000001ea61f62ac0, 0x000001ea61f62bf8]
Event: 0.110 Thread 0x000001ea71ef7000   80       4       java.lang.String::equals (65 bytes)
Event: 0.111 Thread 0x000001ea71eef000   81       4       java.lang.String::coder (15 bytes)
Event: 0.111 Thread 0x000001ea71eef000 nmethod 81 0x000001ea61f62d90 code [0x000001ea61f62f20, 0x000001ea61f62f78]
Event: 0.111 Thread 0x000001ea71ef7000 nmethod 80 0x000001ea61f63010 code [0x000001ea61f631a0, 0x000001ea61f63378]

GC Heap History (0 events):
No events

Deoptimization events (0 events):
No events

Classes redefined (0 events):
No events

Internal exceptions (0 events):
No events

Events (10 events):
Event: 0.098 loading class java/util/Collections$UnmodifiableCollection$1
Event: 0.098 loading class java/util/Collections$UnmodifiableCollection$1 done
Event: 0.099 loading class java/lang/module/ResolvedModule
Event: 0.099 loading class java/lang/module/ResolvedModule done
Event: 0.100 loading class java/util/ArrayList$Itr
Event: 0.100 loading class java/util/ArrayList$Itr done
Event: 0.102 loading class java/util/HashMap$EntrySet
Event: 0.102 loading class java/util/HashMap$EntrySet done
Event: 0.102 loading class java/util/HashMap$EntryIterator
Event: 0.102 loading class java/util/HashMap$EntryIterator done


Dynamic libraries:
0x00007ff6edf90000 - 0x00007ff6edfce000 	C:\Program Files\Java\jdk-10.0.1\bin\java.exe
0x00007ff8093d0000 - 0x00007ff8095b1000 	C:\WINDOWS\SYSTEM32\ntdll.dll
0x00007ff807e50000 - 0x00007ff807f02000 	C:\WINDOWS\System32\KERNEL32.DLL
0x00007ff8063f0000 - 0x00007ff806663000 	C:\WINDOWS\System32\KERNELBASE.dll
0x00007ff807da0000 - 0x00007ff807e41000 	C:\WINDOWS\System32\ADVAPI32.dll
0x00007ff809020000 - 0x00007ff8090be000 	C:\WINDOWS\System32\msvcrt.dll
0x00007ff808e90000 - 0x00007ff808eeb000 	C:\WINDOWS\System32\sechost.dll
0x00007ff808ef0000 - 0x00007ff809014000 	C:\WINDOWS\System32\RPCRT4.dll
0x00007ff807f10000 - 0x00007ff8080a0000 	C:\WINDOWS\System32\USER32.dll
0x00007ff8063d0000 - 0x00007ff8063f0000 	C:\WINDOWS\System32\win32u.dll
0x00007ff808140000 - 0x00007ff808168000 	C:\WINDOWS\System32\GDI32.dll
0x00007ff805950000 - 0x00007ff805ae2000 	C:\WINDOWS\System32\gdi32full.dll
0x00007ff8057a0000 - 0x00007ff80583f000 	C:\WINDOWS\System32\msvcp_win.dll
0x00007ff8062d0000 - 0x00007ff8063ca000 	C:\WINDOWS\System32\ucrtbase.dll
0x00007ffff70b0000 - 0x00007ffff7319000 	C:\WINDOWS\WinSxS\amd64_microsoft.windows.common-controls_6595b64144ccf1df_6.0.17134.407_none_fb449d63306391e9\COMCTL32.dll
0x00007ff8036c0000 - 0x00007ff8036ca000 	C:\WINDOWS\SYSTEM32\VERSION.dll
0x00007ff808280000 - 0x00007ff8085a2000 	C:\WINDOWS\System32\combase.dll
0x00007ff805af0000 - 0x00007ff805b6a000 	C:\WINDOWS\System32\bcryptPrimitives.dll
0x00007ff806860000 - 0x00007ff80688d000 	C:\WINDOWS\System32\IMM32.DLL
0x00007fffd9dc0000 - 0x00007fffd9eaf000 	C:\Program Files\Java\jdk-10.0.1\bin\msvcr120.dll
0x00007ffffccc0000 - 0x00007ffffcd66000 	C:\Program Files\Java\jdk-10.0.1\bin\msvcp120.dll
0x0000000071fb0000 - 0x0000000072a20000 	C:\Program Files\Java\jdk-10.0.1\bin\server\jvm.dll
0x00007ff8092a0000 - 0x00007ff8092a8000 	C:\WINDOWS\System32\PSAPI.DLL
0x00007ff802a10000 - 0x00007ff802a19000 	C:\WINDOWS\SYSTEM32\WSOCK32.dll
0x00007ff808740000 - 0x00007ff8087ac000 	C:\WINDOWS\System32\WS2_32.dll
0x00007ffffebb0000 - 0x00007ffffebd3000 	C:\WINDOWS\SYSTEM32\WINMM.dll
0x00007ffffe4e0000 - 0x00007ffffe50a000 	C:\WINDOWS\SYSTEM32\WINMMBASE.dll
0x00007ff806280000 - 0x00007ff8062c9000 	C:\WINDOWS\System32\cfgmgr32.dll
0x00007ff8036d0000 - 0x00007ff8036df000 	C:\Program Files\Java\jdk-10.0.1\bin\verify.dll
0x00007ff8005b0000 - 0x00007ff800779000 	C:\WINDOWS\SYSTEM32\DBGHELP.DLL
0x00007ff800230000 - 0x00007ff800259000 	C:\WINDOWS\SYSTEM32\dbgcore.DLL
0x00007ffffda30000 - 0x00007ffffda57000 	C:\Program Files\Java\jdk-10.0.1\bin\java.dll
0x00007ffff8260000 - 0x00007ffff828a000 	C:\Program Files\Java\jdk-10.0.1\bin\instrument.dll
0x00007ffffda10000 - 0x00007ffffda26000 	C:\Program Files\Java\jdk-10.0.1\bin\zip.dll
0x00007ffffd380000 - 0x00007ffffd38a000 	C:\Program Files\Java\jdk-10.0.1\bin\jimage.dll
0x00007ff806890000 - 0x00007ff807ccf000 	C:\WINDOWS\System32\SHELL32.dll
0x00007ff808170000 - 0x00007ff808219000 	C:\WINDOWS\System32\shcore.dll
0x00007ff805b70000 - 0x00007ff80627d000 	C:\WINDOWS\System32\windows.storage.dll
0x00007ff808220000 - 0x00007ff808271000 	C:\WINDOWS\System32\shlwapi.dll
0x00007ff805760000 - 0x00007ff805771000 	C:\WINDOWS\System32\kernel.appcore.dll
0x00007ff805780000 - 0x00007ff80579f000 	C:\WINDOWS\System32\profapi.dll
0x00007ff8056f0000 - 0x00007ff80573c000 	C:\WINDOWS\System32\powrprof.dll
0x00007ff8056e0000 - 0x00007ff8056ea000 	C:\WINDOWS\System32\FLTLIB.DLL
0x00007ffffb2f0000 - 0x00007ffffb30a000 	C:\Program Files\Java\jdk-10.0.1\bin\net.dll
0x00007ff800080000 - 0x00007ff80015c000 	C:\WINDOWS\SYSTEM32\WINHTTP.dll
0x00007ff804f00000 - 0x00007ff804f66000 	C:\WINDOWS\system32\mswsock.dll
0x00007fffed2d0000 - 0x00007fffed2e1000 	C:\Program Files\Java\jdk-10.0.1\bin\nio.dll

dbghelp: loaded successfully - version: 4.0.5 - missing functions: none
symbol engine: initialized successfully - sym options: 0x614 - pdb path: .;C:\Program Files\Java\jdk-10.0.1\bin;C:\WINDOWS\SYSTEM32;C:\WINDOWS\WinSxS\amd64_microsoft.windows.common-controls_6595b64144ccf1df_6.0.17134.407_none_fb449d63306391e9;C:\Program Files\Java\jdk-10.0.1\bin\server

VM Arguments:
jvm_args: -javaagent:C:\Program Files\Java\IntelliJ IDEA Community Edition 2018.1.6\lib\idea_rt.jar=54880:C:\Program Files\Java\IntelliJ IDEA Community Edition 2018.1.6\bin -Dfile.encoding=UTF-8 
java_command: KevinLiu.Main
java_class_path (initial): C:\Users\Plazma\IdeaProjects\Schoolwork\ExitTicket\out\production\ExitTicket
Launcher Type: SUN_STANDARD

Logging:
Log output configuration:
#0: stdout all=warning uptime,level,tags
#1: stderr all=off uptime,level,tags

Environment Variables:
PATH=C:\Windows\system32;C:\Windows;C:\Windows\System32\Wbem;C:\Windows\System32\WindowsPowerShell\v1.0\;C:\WINDOWS\system32;C:\WINDOWS;C:\WINDOWS\System32\Wbem;C:\WINDOWS\System32\WindowsPowerShell\v1.0\;C:\Program Files\nodejs\;C:\Program Files (x86)\NVIDIA Corporation\PhysX\Common;C:\WINDOWS\system32;C:\WINDOWS;C:\WINDOWS\System32\Wbem;C:\WINDOWS\System32\WindowsPowerShell\v1.0\;C:\WINDOWS\System32\OpenSSH\;C:\Program Files\Git\cmd;C:\Users\Plazma\AppData\Local\Microsoft\WindowsApps;C:\Users\Plazma\AppData\Local\atom\bin;C:\Users\Plazma\AppData\Roaming\npm;%USERPROFILE%\AppData\Local\Microsoft\WindowsApps;
USERNAME=Plazma
OS=Windows_NT
PROCESSOR_IDENTIFIER=AMD64 Family 23 Model 1 Stepping 1, AuthenticAMD



---------------  S Y S T E M  ---------------

OS: Windows 10 , 64 bit Build 17134 (10.0.17134.1)

CPU:total 8 (initial active 8) (8 cores per cpu, 2 threads per core) family 23 model 1 stepping 1, cmov, cx8, fxsr, mmx, sse, sse2, sse3, ssse3, sse4.1, sse4.2, popcnt, avx, avx2, aes, clmul, mmxext, 3dnowpref, lzcnt, sse4a, ht, tsc, tscinvbit, tscinv, bmi1, bmi2, adx, sha, fma

Memory: 4k page, physical 8340204k(3201528k free), swap 21971692k(12063688k free)

vm_info: Java HotSpot(TM) 64-Bit Server VM (10.0.1+10) for windows-amd64 JRE (10.0.1+10), built on Mar 27 2018 02:27:48 by "mach5one" with MS VC++ 12.0 (VS2013)

END.
